2026-03-29 12:06:11 | INFO | P5 | === RUN START ===
2026-03-29 12:06:11 | INFO | P5 | project=CINTEL
2026-03-29 12:06:11 | INFO | P5 | repo_dir=cintel-05-drift-detection
2026-03-29 12:06:11 | INFO | P5 | python=3.14.3
2026-03-29 12:06:11 | INFO | P5 | os=Windows 11
2026-03-29 12:06:11 | INFO | P5 | shell=powershell
2026-03-29 12:06:11 | INFO | P5 | cwd=.
2026-03-29 12:06:11 | INFO | P5 | github_actions=False
2026-03-29 12:06:11 | INFO | P5 | ========================
2026-03-29 12:06:11 | INFO | P5 | START main()
2026-03-29 12:06:11 | INFO | P5 | ========================
2026-03-29 12:06:11 | INFO | P5 | ROOT_DIR = .
2026-03-29 12:06:11 | INFO | P5 | REFERENCE_FILE = data\reference_metrics_case.csv
2026-03-29 12:06:11 | INFO | P5 | CURRENT_FILE = data\current_metrics_case.csv
2026-03-29 12:06:11 | INFO | P5 | OUTPUT_FILE = artifacts\drift_summary_case.csv
2026-03-29 12:06:11 | INFO | P5 | ARTIFACTS_DIR = artifacts
2026-03-29 12:06:11 | INFO | P5 | Loaded 10 reference records
2026-03-29 12:06:11 | INFO | P5 | Loaded 10 current records
2026-03-29 12:06:12 | INFO | P5 | Calculated summary differences and drift flags
2026-03-29 12:06:12 | INFO | P5 | Wrote drift summary file: C:\Repos\cintel-05-drift-detection\artifacts\drift_summary_case.csv
2026-03-29 12:06:12 | INFO | P5 | Drift summary dataframe:
2026-03-29 12:06:12 | INFO | P5 | shape: (1, 12)
в”Ңв”Җв”Җв”Җв”Җв”Җв”Җв”Җв”Җв”Җв”¬в”Җв”Җв”Җв”Җв”Җв”Җв”Җв”Җв”Җв”¬в”Җв”Җв”Җв”Җв”Җв”Җв”Җв”Җв”Җв”¬в”Җв”Җв”Җв”Җв”Җв”Җв”Җв”Җв”Җв”¬в”Җв”Җв”Җв”¬в”Җв”Җв”Җв”Җв”Җв”Җв”Җв”Җв”Җв”¬в”Җв”Җв”Җв”Җв”Җв”Җв”Җв”Җв”Җв”¬в”Җв”Җв”Җв”Җв”Җв”Җв”Җв”Җв”Җв”¬в”Җв”Җв”Җв”Җв”Җв”Җв”Җв”Җв”Җв”җ
в”Ӯ referen в”Ҷ referen в”Ҷ referen в”Ҷ current в”Ҷ вҖҰ в”Ҷ latency в”Ҷ request в”Ҷ errors_ в”Ҷ latency в”Ӯ
в”Ӯ ce_avg_ в”Ҷ ce_avg_ в”Ҷ ce_avg_ в”Ҷ _avg_re в”Ҷ   в”Ҷ _mean_d в”Ҷ s_is_dr в”Ҷ is_drif в”Ҷ _is_dri в”Ӯ
в”Ӯ request в”Ҷ errors  в”Ҷ latency в”Ҷ quests  в”Ҷ   в”Ҷ ifferen в”Ҷ ifting_ в”Ҷ ting_fl в”Ҷ fting_f в”Ӯ
в”Ӯ s       в”Ҷ ---     в”Ҷ _ms     в”Ҷ ---     в”Ҷ   в”Ҷ ce_ms   в”Ҷ flag    в”Ҷ ag      в”Ҷ lag     в”Ӯ
в”Ӯ ---     в”Ҷ f64     в”Ҷ ---     в”Ҷ f64     в”Ҷ   в”Ҷ ---     в”Ҷ ---     в”Ҷ ---     в”Ҷ ---     в”Ӯ
в”Ӯ f64     в”Ҷ         в”Ҷ f64     в”Ҷ         в”Ҷ   в”Ҷ f64     в”Ҷ bool    в”Ҷ bool    в”Ҷ bool    в”Ӯ
в•һв•җв•җв•җв•җв•җв•җв•җв•җв•җв•Әв•җв•җв•җв•җв•җв•җв•җв•җв•җв•Әв•җв•җв•җв•җв•җв•җв•җв•җв•җв•Әв•җв•җв•җв•җв•җв•җв•җв•җв•җв•Әв•җв•җв•җв•Әв•җв•җв•җв•җв•җв•җв•җв•җв•җв•Әв•җв•җв•җв•җв•җв•җв•җв•җв•җв•Әв•җв•җв•җв•җв•җв•җв•җв•җв•җв•Әв•җв•җв•җв•җв•җв•җв•җв•җв•җв•Ў
в”Ӯ 128.3   в”Ҷ 2.3     в”Ҷ 3835.0  в”Ҷ 164.5   в”Ҷ вҖҰ в”Ҷ 1835.0  в”Ҷ true    в”Ҷ true    в”Ҷ true    в”Ӯ
в””в”Җв”Җв”Җв”Җв”Җв”Җв”Җв”Җв”Җв”ҙв”Җв”Җв”Җв”Җв”Җв”Җв”Җв”Җв”Җв”ҙв”Җв”Җв”Җв”Җв”Җв”Җв”Җв”Җв”Җв”ҙв”Җв”Җв”Җв”Җв”Җв”Җв”Җв”Җв”Җв”ҙв”Җв”Җв”Җв”ҙв”Җв”Җв”Җв”Җв”Җв”Җв”Җв”Җв”Җв”ҙв”Җв”Җв”Җв”Җв”Җв”Җв”Җв”Җв”Җв”ҙв”Җв”Җв”Җв”Җв”Җв”Җв”Җв”Җв”Җв”ҙв”Җв”Җв”Җв”Җв”Җв”Җв”Җв”Җв”Җв”ҳ
2026-03-29 12:06:12 | INFO | P5 | Let's make that a bit nicer to read...
2026-03-29 12:06:12 | INFO | P5 | All remaining steps are about creating a nicer display.
2026-03-29 12:06:12 | INFO | P5 | ========================
2026-03-29 12:06:12 | INFO | P5 | Drift Detection Process: 
2026-03-29 12:06:12 | INFO | P5 | ========================
2026-03-29 12:06:12 | INFO | P5 | 1. Summarize each period with means.
2026-03-29 12:06:12 | INFO | P5 | 2. Compute difference of means.
2026-03-29 12:06:12 | INFO | P5 | 3. Flag drift if absolute difference of means exceeds a threshold.
2026-03-29 12:06:12 | INFO | P5 | ========================
2026-03-29 12:06:12 | INFO | P5 | Drift summary (one field per line):
2026-03-29 12:06:12 | INFO | P5 | reference_avg_requests: 128.3
2026-03-29 12:06:12 | INFO | P5 | reference_avg_errors: 2.3
2026-03-29 12:06:12 | INFO | P5 | reference_avg_latency_ms: 3835.0
2026-03-29 12:06:12 | INFO | P5 | current_avg_requests: 164.5
2026-03-29 12:06:12 | INFO | P5 | current_avg_errors: 6.3
2026-03-29 12:06:12 | INFO | P5 | current_avg_latency_ms: 5670.0
2026-03-29 12:06:12 | INFO | P5 | requests_mean_difference: 36.2
2026-03-29 12:06:12 | INFO | P5 | errors_mean_difference: 4.0
2026-03-29 12:06:12 | INFO | P5 | latency_mean_difference_ms: 1835.0
2026-03-29 12:06:12 | INFO | P5 | requests_is_drifting_flag: True
2026-03-29 12:06:12 | INFO | P5 | errors_is_drifting_flag: True
2026-03-29 12:06:12 | INFO | P5 | latency_is_drifting_flag: True
2026-03-29 12:06:12 | INFO | P5 | Wrote long summary file: C:\Repos\cintel-05-drift-detection\artifacts\drift_summary_long_case.csv
2026-03-29 12:06:12 | INFO | P5 | ========================
2026-03-29 12:06:12 | INFO | P5 | Pipeline executed successfully!
2026-03-29 12:06:12 | INFO | P5 | ========================
2026-03-29 12:06:12 | INFO | P5 | END main()
2026-03-29 18:38:39 | INFO | P5 | === RUN START ===
2026-03-29 18:38:39 | INFO | P5 | project=CINTEL
2026-03-29 18:38:39 | INFO | P5 | repo_dir=cintel-05-drift-detection
2026-03-29 18:38:39 | INFO | P5 | python=3.14.3
2026-03-29 18:38:39 | INFO | P5 | os=Windows 11
2026-03-29 18:38:39 | INFO | P5 | shell=powershell
2026-03-29 18:38:39 | INFO | P5 | cwd=.
2026-03-29 18:38:39 | INFO | P5 | github_actions=False
2026-03-29 18:38:39 | INFO | P5 | ========================
2026-03-29 18:38:39 | INFO | P5 | START main()
2026-03-29 18:38:39 | INFO | P5 | ========================
2026-03-29 18:38:39 | INFO | P5 | ROOT_DIR = .
2026-03-29 18:38:39 | INFO | P5 | REFERENCE_FILE = data\reference_metrics_hennelly.csv
2026-03-29 18:38:39 | INFO | P5 | CURRENT_FILE = data\current_metrics_hennelly.csv
2026-03-29 18:38:39 | INFO | P5 | OUTPUT_FILE = artifacts\drift_summary_hennelly.csv
2026-03-29 18:38:39 | INFO | P5 | ARTIFACTS_DIR = artifacts
2026-03-29 18:38:40 | INFO | P5 | Loaded 10 reference records
2026-03-29 18:38:40 | INFO | P5 | Loaded 10 current records
2026-03-29 18:38:40 | INFO | P5 | Calculated summary differences and drift flags
2026-03-29 18:38:40 | INFO | P5 | Wrote drift summary file: C:\Repos\cintel-05-drift-detection\artifacts\drift_summary_hennelly.csv
2026-03-29 18:38:40 | INFO | P5 | Drift summary dataframe:
2026-03-29 18:38:40 | INFO | P5 | shape: (1, 24)
в”Ңв”Җв”Җв”Җв”Җв”Җв”Җв”Җв”Җв”Җв”Җв”Җв”¬в”Җв”Җв”Җв”Җв”Җв”Җв”Җв”Җв”Җв”Җв”Җв”¬в”Җв”Җв”Җв”Җв”Җв”Җв”Җв”Җв”Җв”Җв”Җв”¬в”Җв”Җв”Җв”Җв”Җв”Җв”Җв”Җв”Җв”Җв”Җв”¬в”Җв”Җв”Җв”¬в”Җв”Җв”Җв”Җв”Җв”Җв”Җв”Җв”Җв”Җв”Җв”¬в”Җв”Җв”Җв”Җв”Җв”Җв”Җв”Җв”Җв”Җв”Җв”¬в”Җв”Җв”Җв”Җв”Җв”Җв”Җв”Җв”Җв”Җв”Җв”¬в”Җв”Җв”Җв”Җв”Җв”Җв”Җв”Җв”Җв”Җв”Җв”җ
в”Ӯ reference в”Ҷ reference в”Ҷ reference в”Ҷ reference в”Ҷ вҖҰ в”Ҷ latency_i в”Ҷ requests_ в”Ҷ errors_me в”Ҷ latency_m в”Ӯ
в”Ӯ _avg_requ в”Ҷ _median_r в”Ҷ _avg_erro в”Ҷ _median_e в”Ҷ   в”Ҷ s_driftin в”Ҷ median_is в”Ҷ dian_is_d в”Ҷ edian_is_ в”Ӯ
в”Ӯ ests      в”Ҷ equests   в”Ҷ rs        в”Ҷ rrors     в”Ҷ   в”Ҷ g_flag    в”Ҷ _drifting в”Ҷ rifting_f в”Ҷ drifting_ в”Ӯ
в”Ӯ ---       в”Ҷ ---       в”Ҷ ---       в”Ҷ ---       в”Ҷ   в”Ҷ ---       в”Ҷ _flвҖҰ      в”Ҷ lag       в”Ҷ flaвҖҰ      в”Ӯ
в”Ӯ f64       в”Ҷ f64       в”Ҷ f64       в”Ҷ f64       в”Ҷ   в”Ҷ bool      в”Ҷ ---       в”Ҷ ---       в”Ҷ ---       в”Ӯ
в”Ӯ           в”Ҷ           в”Ҷ           в”Ҷ           в”Ҷ   в”Ҷ           в”Ҷ bool      в”Ҷ bool      в”Ҷ bool      в”Ӯ
в•һв•җв•җв•җв•җв•җв•җв•җв•җв•җв•җв•җв•Әв•җв•җв•җв•җв•җв•җв•җв•җв•җв•җв•җв•Әв•җв•җв•җв•җв•җв•җв•җв•җв•җв•җв•җв•Әв•җв•җв•җв•җв•җв•җв•җв•җв•җв•җв•җв•Әв•җв•җв•җв•Әв•җв•җв•җв•җв•җв•җв•җв•җв•җв•җв•җв•Әв•җв•җв•җв•җв•җв•җв•җв•җв•җв•җв•җв•Әв•җв•җв•җв•җв•җв•җв•җв•җв•җв•җв•җв•Әв•җв•җв•җв•җв•җв•җв•җв•җв•җв•җв•җв•Ў
в”Ӯ 128.3     в”Ҷ 128.5     в”Ҷ 2.3       в”Ҷ 2.0       в”Ҷ вҖҰ в”Ҷ true      в”Ҷ true      в”Ҷ true      в”Ҷ true      в”Ӯ
в””в”Җв”Җв”Җв”Җв”Җв”Җв”Җв”Җв”Җв”Җв”Җв”ҙв”Җв”Җв”Җв”Җв”Җв”Җв”Җв”Җв”Җв”Җв”Җв”ҙв”Җв”Җв”Җв”Җв”Җв”Җв”Җв”Җв”Җв”Җв”Җв”ҙв”Җв”Җв”Җв”Җв”Җв”Җв”Җв”Җв”Җв”Җв”Җв”ҙв”Җв”Җв”Җв”ҙв”Җв”Җв”Җв”Җв”Җв”Җв”Җв”Җв”Җв”Җв”Җв”ҙв”Җв”Җв”Җв”Җв”Җв”Җв”Җв”Җв”Җв”Җв”Җв”ҙв”Җв”Җв”Җв”Җв”Җв”Җв”Җв”Җв”Җв”Җв”Җв”ҙв”Җв”Җв”Җв”Җв”Җв”Җв”Җв”Җв”Җв”Җв”Җв”ҳ
2026-03-29 18:38:40 | INFO | P5 | Let's make that a bit nicer to read...
2026-03-29 18:38:40 | INFO | P5 | All remaining steps are about creating a nicer display.
2026-03-29 18:38:40 | INFO | P5 | ========================
2026-03-29 18:38:40 | INFO | P5 | Drift Detection Process: 
2026-03-29 18:38:40 | INFO | P5 | ========================
2026-03-29 18:38:40 | INFO | P5 | 1. Summarize each period with means and medians.
2026-03-29 18:38:40 | INFO | P5 | 2. Compute difference of means and medians.
2026-03-29 18:38:40 | INFO | P5 | 3. Flag drift if absolute difference of means or medians exceeds a threshold.
2026-03-29 18:38:40 | INFO | P5 | ========================
2026-03-29 18:38:40 | INFO | P5 | Drift summary (one field per line):
2026-03-29 18:38:40 | INFO | P5 | reference_avg_requests: 128.3
2026-03-29 18:38:40 | INFO | P5 | reference_median_requests: 128.5
2026-03-29 18:38:40 | INFO | P5 | reference_avg_errors: 2.3
2026-03-29 18:38:40 | INFO | P5 | reference_median_errors: 2.0
2026-03-29 18:38:40 | INFO | P5 | reference_avg_latency_ms: 3835.0
2026-03-29 18:38:40 | INFO | P5 | reference_median_latency_ms: 3865.0
2026-03-29 18:38:40 | INFO | P5 | current_avg_requests: 164.5
2026-03-29 18:38:40 | INFO | P5 | current_median_requests: 165.5
2026-03-29 18:38:40 | INFO | P5 | current_avg_errors: 6.3
2026-03-29 18:38:40 | INFO | P5 | current_median_errors: 6.0
2026-03-29 18:38:40 | INFO | P5 | current_avg_latency_ms: 5670.0
2026-03-29 18:38:40 | INFO | P5 | current_median_latency_ms: 5725.0
2026-03-29 18:38:40 | INFO | P5 | requests_mean_difference: 36.2
2026-03-29 18:38:40 | INFO | P5 | errors_mean_difference: 4.0
2026-03-29 18:38:40 | INFO | P5 | latency_mean_difference_ms: 1835.0
2026-03-29 18:38:40 | INFO | P5 | requests_median_difference: 37.0
2026-03-29 18:38:40 | INFO | P5 | errors_median_difference: 4.0
2026-03-29 18:38:40 | INFO | P5 | latency_median_difference_ms: 1860.0
2026-03-29 18:38:40 | INFO | P5 | requests_is_drifting_flag: True
2026-03-29 18:38:40 | INFO | P5 | errors_is_drifting_flag: True
2026-03-29 18:38:40 | INFO | P5 | latency_is_drifting_flag: True
2026-03-29 18:38:40 | INFO | P5 | requests_median_is_drifting_flag: True
2026-03-29 18:38:40 | INFO | P5 | errors_median_is_drifting_flag: True
2026-03-29 18:38:40 | INFO | P5 | latency_median_is_drifting_flag: True
2026-03-29 18:38:40 | INFO | P5 | Wrote long summary file: C:\Repos\cintel-05-drift-detection\artifacts\drift_summary_long_hennelly.csv
2026-03-29 18:38:40 | INFO | P5 | ========================
2026-03-29 18:38:40 | INFO | P5 | Pipeline executed successfully!
2026-03-29 18:38:40 | INFO | P5 | ========================
2026-03-29 18:38:40 | INFO | P5 | END main()
